<?xml version="1.0" encoding="UTF-8"?>
<testsuite name="TestSuite" time="0.098" tests="33" errors="0" skipped="0" failures="33">
  <properties>
[...]
</properties>
  <testcase name="test1_positiveLogin" classname="tests.LoginTests" time="0.006">
    <failure type="java.lang.NullPointerException:">java.lang.NullPointerException: null
	at tests.LoginTests.test1_positiveLogin(LoginTests.java:23)
</failure>
    <system-out><![CDATA[2016-02-20 14:35:14 ConfigurationData:36 [INFO] - created properties
2016-02-20 14:35:14 ConfigurationData:41 [INFO] - created map properties
2016-02-20 14:35:14 Page:53 [INFO] - start open page
2016-02-20 14:35:22 Fixture:41 [INFO] - start test suit execution
2016-02-20 14:35:22 LoginTests:19 [INFO] - test1_positiveLogin
]]></system-out>
    <system-err><![CDATA[org.openqa.selenium.remote.UnreachableBrowserException: Error communicating with the remote browser. It may have died.
Build info: version: '2.52.0', revision: '4c2593cfc3689a7fcd7be52549167e5ccc93ad28', time: '2016-02-11 11:22:43'
System info: host: 'alexace-pc', ip: '127.0.1.1', os.name: 'Linux', os.arch: 'amd64', os.version: '3.13.0-77-generic', java.version: '1.8.0_60'
Driver info: driver.version: RemoteWebDriver
Capabilities [{applicationCacheEnabled=true, rotatable=false, handlesAlerts=true, databaseEnabled=true, version=44.0.2, platform=LINUX, nativeEvents=false, acceptSslCerts=true, webStorageEnabled=true, locationContextEnabled=true, browserName=firefox, takesScreenshot=true, javascriptEnabled=true, cssSelectorsEnabled=true}]
Session ID: 7864c3e8-2eb9-49ec-b200-2ca6f76c0833
	at org.openqa.selenium.remote.RemoteWebDriver.execute(RemoteWebDriver.java:665)
	at org.openqa.selenium.remote.RemoteWebDriver.get(RemoteWebDriver.java:316)
	at utils.WebDriverWrapper.get(WebDriverWrapper.java:45)
	at pages.Page.openPage(Page.java:54)
	at pages.HomePage.<init>(HomePage.java:21)
	at pages.Ellos.<init>(Ellos.java:18)
	at tests.Fixture.startBrowser(Fixture.java:33)
	at sun.reflect.NativeMethodAccessorImpl.invoke0(Native Method)
	at sun.reflect.NativeMethodAccessorImpl.invoke(NativeMethodAccessorImpl.java:62)
	at sun.reflect.DelegatingMethodAccessorImpl.invoke(DelegatingMethodAccessorImpl.java:43)
	at java.lang.reflect.Method.invoke(Method.java:497)
	at org.testng.internal.MethodInvocationHelper.invokeMethod(MethodInvocationHelper.java:84)
	at org.testng.internal.Invoker.invokeConfigurationMethod(Invoker.java:564)
	at org.testng.internal.Invoker.invokeConfigurations(Invoker.java:213)
	at org.testng.internal.Invoker.invokeConfigurations(Invoker.java:138)
	at org.testng.SuiteRunner.privateRun(SuiteRunner.java:291)
	at org.testng.SuiteRunner.run(SuiteRunner.java:254)
	at org.testng.SuiteRunnerWorker.runSuite(SuiteRunnerWorker.java:52)
	at org.testng.SuiteRunnerWorker.run(SuiteRunnerWorker.java:86)
	at org.testng.TestNG.runSuitesSequentially(TestNG.java:1224)
	at org.testng.TestNG.runSuitesSequentially(TestNG.java:1220)
	at org.testng.TestNG.runSuitesLocally(TestNG.java:1149)
	at org.testng.TestNG.run(TestNG.java:1057)
	at org.apache.maven.surefire.testng.TestNGExecutor.run(TestNGExecutor.java:293)
	at org.apache.maven.surefire.testng.TestNGXmlTestSuite.execute(TestNGXmlTestSuite.java:84)
	at org.apache.maven.surefire.testng.TestNGProvider.invoke(TestNGProvider.java:91)
	at org.apache.maven.surefire.booter.ForkedBooter.invokeProviderInSameClassLoader(ForkedBooter.java:200)
	at org.apache.maven.surefire.booter.ForkedBooter.runSuitesInProcess(ForkedBooter.java:153)
	at org.apache.maven.surefire.booter.ForkedBooter.main(ForkedBooter.java:103)
Caused by: org.apache.http.conn.HttpHostConnectException: Connect to 127.0.0.1:7056 [/127.0.0.1] failed: В соединении отказано
	at org.apache.http.impl.conn.DefaultHttpClientConnectionOperator.connect(DefaultHttpClientConnectionOperator.java:151)
	at org.apache.http.impl.conn.PoolingHttpClientConnectionManager.connect(PoolingHttpClientConnectionManager.java:353)
	at org.apache.http.impl.execchain.MainClientExec.establishRoute(MainClientExec.java:380)
	at org.apache.http.impl.execchain.MainClientExec.execute(MainClientExec.java:236)
	at org.apache.http.impl.execchain.ProtocolExec.execute(ProtocolExec.java:184)
	at org.apache.http.impl.execchain.RetryExec.execute(RetryExec.java:88)
	at org.apache.http.impl.execchain.RedirectExec.execute(RedirectExec.java:110)
	at org.apache.http.impl.client.InternalHttpClient.doExecute(InternalHttpClient.java:184)
	at org.apache.http.impl.client.CloseableHttpClient.execute(CloseableHttpClient.java:71)
	at org.apache.http.impl.client.CloseableHttpClient.execute(CloseableHttpClient.java:55)
	at org.openqa.selenium.remote.internal.ApacheHttpClient.fallBackExecute(ApacheHttpClient.java:162)
	at org.openqa.selenium.remote.internal.ApacheHttpClient.execute(ApacheHttpClient.java:90)
	at org.openqa.selenium.remote.HttpCommandExecutor.execute(HttpCommandExecutor.java:142)
	at org.openqa.selenium.firefox.internal.NewProfileExtensionConnection.execute(NewProfileExtensionConnection.java:160)
	at org.openqa.selenium.firefox.FirefoxDriver$LazyCommandExecutor.execute(FirefoxDriver.java:380)
	at org.openqa.selenium.remote.RemoteWebDriver.execute(RemoteWebDriver.java:644)
	... 28 more
Caused by: java.net.ConnectException: В соединении отказано
	at java.net.PlainSocketImpl.socketConnect(Native Method)
	at java.net.AbstractPlainSocketImpl.doConnect(AbstractPlainSocketImpl.java:350)
	at java.net.AbstractPlainSocketImpl.connectToAddress(AbstractPlainSocketImpl.java:206)
	at java.net.AbstractPlainSocketImpl.connect(AbstractPlainSocketImpl.java:188)
	at java.net.SocksSocketImpl.connect(SocksSocketImpl.java:392)
	at java.net.Socket.connect(Socket.java:589)
	at org.apache.http.conn.socket.PlainConnectionSocketFactory.connectSocket(PlainConnectionSocketFactory.java:74)
	at org.apache.http.impl.conn.DefaultHttpClientConnectionOperator.connect(DefaultHttpClientConnectionOperator.java:134)
	... 43 more
]]></system-err>
  </testcase>
  <testcase name="test2_incorrectLogin" classname="tests.LoginTests" time="0">
    <failure type="java.lang.NullPointerException:">java.lang.NullPointerException: null
	at tests.LoginTests.test2_incorrectLogin(LoginTests.java:57)
</failure>
    <system-out><![CDATA[2016-02-20 14:35:22 LoginTests:53 [INFO] - test2_incorrectLogin
]]></system-out>
  </testcase>
  <testcase name="test3_incorrectPassField" classname="tests.LoginTests" time="0">
    <failure type="java.lang.NullPointerException:">java.lang.NullPointerException: null
	at tests.LoginTests.test3_incorrectPassField(LoginTests.java:90)
</failure>
    <system-out><![CDATA[2016-02-20 14:35:22 LoginTests:86 [INFO] - test3_incorrectPassField
]]></system-out>
  </testcase>
  <testcase name="test4_emptyEmailAndPassFields" classname="tests.LoginTests" time="0.001">
    <failure type="java.lang.NullPointerException:">java.lang.NullPointerException: null
	at tests.LoginTests.test4_emptyEmailAndPassFields(LoginTests.java:117)
</failure>
    <system-out><![CDATA[2016-02-20 14:35:22 LoginTests:113 [INFO] - test4_emptyEmailAndPassFields
]]></system-out>
  </testcase>
  <testcase name="test5_emptyEmailField" classname="tests.LoginTests" time="0">
    <failure type="java.lang.NullPointerException:">java.lang.NullPointerException: null
	at tests.LoginTests.test5_emptyEmailField(LoginTests.java:141)
</failure>
    <system-out><![CDATA[2016-02-20 14:35:22 LoginTests:137 [INFO] - test5_emptyEmailField
]]></system-out>
  </testcase>
  <testcase name="test6_emptyPassField" classname="tests.LoginTests" time="0.001">
    <failure type="java.lang.NullPointerException:">java.lang.NullPointerException: null
	at tests.LoginTests.test6_emptyPassField(LoginTests.java:165)
</failure>
    <system-out><![CDATA[2016-02-20 14:35:22 LoginTests:161 [INFO] - test6_emptyPassField
]]></system-out>
  </testcase>
  <testcase name="test1_positiveRegistration" classname="tests.RegistrationTests" time="0.001">
    <failure type="java.lang.NullPointerException:">java.lang.NullPointerException: null
	at tests.RegistrationTests.test1_positiveRegistration(RegistrationTests.java:25)
</failure>
    <system-out><![CDATA[2016-02-20 14:35:22 RegistrationTests:21 [INFO] - 
test1_positiveRegistration

]]></system-out>
  </testcase>
  <testcase name="test2_negativeOnlyFirstEmailField" classname="tests.RegistrationTests" time="0">
    <failure type="java.lang.NullPointerException:">java.lang.NullPointerException: null
	at tests.RegistrationTests.test2_negativeOnlyFirstEmailField(RegistrationTests.java:67)
</failure>
    <system-out><![CDATA[2016-02-20 14:35:22 RegistrationTests:63 [INFO] - 
test2_negativeOnlyFirstEmailField

]]></system-out>
  </testcase>
  <testcase name="test3_negativeOnlySecondEmailField" classname="tests.RegistrationTests" time="0.001">
    <failure type="java.lang.NullPointerException:">java.lang.NullPointerException: null
	at tests.RegistrationTests.test3_negativeOnlySecondEmailField(RegistrationTests.java:108)
</failure>
    <system-out><![CDATA[2016-02-20 14:35:22 RegistrationTests:104 [INFO] - 
test3_negativeOnlySecondEmailField

]]></system-out>
  </testcase>
  <testcase name="test4_negativeOnlyFirstPassField" classname="tests.RegistrationTests" time="0.001">
    <failure type="java.lang.NullPointerException:">java.lang.NullPointerException: null
	at tests.RegistrationTests.test4_negativeOnlyFirstPassField(RegistrationTests.java:148)
</failure>
    <system-out><![CDATA[2016-02-20 14:35:22 RegistrationTests:144 [INFO] - 
test4_negativeOnlyFirstPassField

]]></system-out>
  </testcase>
  <testcase name="test5_negativeOnlySecondPassField" classname="tests.RegistrationTests" time="0.001">
    <failure type="java.lang.NullPointerException:">java.lang.NullPointerException: null
	at tests.RegistrationTests.test5_negativeOnlySecondPassField(RegistrationTests.java:189)
</failure>
    <system-out><![CDATA[2016-02-20 14:35:22 RegistrationTests:185 [INFO] - 
test5_negativeOnlySecondPassField

]]></system-out>
  </testcase>
  <testcase name="test6_negativeOnlyEmailFields" classname="tests.RegistrationTests" time="0.002">
    <failure type="java.lang.NullPointerException:">java.lang.NullPointerException: null
	at tests.RegistrationTests.test6_negativeOnlyEmailFields(RegistrationTests.java:230)
</failure>
    <system-out><![CDATA[2016-02-20 14:35:22 RegistrationTests:226 [INFO] - 
test6_negativeOnlyEmailFields

]]></system-out>
  </testcase>
  <testcase name="test7_negativeOnlyPassFields" classname="tests.RegistrationTests" time="0">
    <failure type="java.lang.NullPointerException:">java.lang.NullPointerException: null
	at tests.RegistrationTests.test7_negativeOnlyPassFields(RegistrationTests.java:271)
</failure>
    <system-out><![CDATA[2016-02-20 14:35:22 RegistrationTests:267 [INFO] - 
test7_negativeOnlyPassFields

]]></system-out>
  </testcase>
  <testcase name="test8_negativeFirstPassFieldEmpty" classname="tests.RegistrationTests" time="0.001">
    <failure type="java.lang.NullPointerException:">java.lang.NullPointerException: null
	at tests.RegistrationTests.test8_negativeFirstPassFieldEmpty(RegistrationTests.java:312)
</failure>
    <system-out><![CDATA[2016-02-20 14:35:22 RegistrationTests:308 [INFO] - 
test8_negativeFirstPassFieldEmpty

]]></system-out>
  </testcase>
  <testcase name="test9_negativeSecondPassFieldEmpty" classname="tests.RegistrationTests" time="0.001">
    <failure type="java.lang.NullPointerException:">java.lang.NullPointerException: null
	at tests.RegistrationTests.test9_negativeSecondPassFieldEmpty(RegistrationTests.java:353)
</failure>
    <system-out><![CDATA[2016-02-20 14:35:22 RegistrationTests:349 [INFO] - 
test9_negativeSecondPassFieldEmpty

]]></system-out>
  </testcase>
  <testcase name="test10_negativeFirstEmailFieldEmpty" classname="tests.RegistrationTests" time="0">
    <failure type="java.lang.NullPointerException:">java.lang.NullPointerException: null
	at tests.RegistrationTests.test10_negativeFirstEmailFieldEmpty(RegistrationTests.java:394)
</failure>
    <system-out><![CDATA[2016-02-20 14:35:22 RegistrationTests:390 [INFO] - 
test10_negativeFirstEmailFieldEmpty

]]></system-out>
  </testcase>
  <testcase name="test11_negativeSecondEmailFieldEmpty" classname="tests.RegistrationTests" time="0.001">
    <failure type="java.lang.NullPointerException:">java.lang.NullPointerException: null
	at tests.RegistrationTests.test11_negativeSecondEmailFieldEmpty(RegistrationTests.java:435)
</failure>
    <system-out><![CDATA[2016-02-20 14:35:22 RegistrationTests:431 [INFO] - 
test11_negativeSecondEmailFieldEmpty

]]></system-out>
  </testcase>
  <testcase name="test12_negativeVariousEmailAddress" classname="tests.RegistrationTests" time="0.001">
    <failure type="java.lang.NullPointerException:">java.lang.NullPointerException: null
	at tests.RegistrationTests.test12_negativeVariousEmailAddress(RegistrationTests.java:476)
</failure>
    <system-out><![CDATA[2016-02-20 14:35:22 RegistrationTests:472 [INFO] - 
test12_negativeVariousEmailAddress

]]></system-out>
  </testcase>
  <testcase name="test13_negativeVariousPassFields" classname="tests.RegistrationTests" time="0.001">
    <failure type="java.lang.NullPointerException:">java.lang.NullPointerException: null
	at tests.RegistrationTests.test13_negativeVariousPassFields(RegistrationTests.java:515)
</failure>
    <system-out><![CDATA[2016-02-20 14:35:22 RegistrationTests:511 [INFO] - 
test13_negativeVariousPassFields

]]></system-out>
  </testcase>
  <testcase name="test1_womanProductPage" classname="tests.ProductPageTests" time="0">
    <failure type="java.lang.NullPointerException:">java.lang.NullPointerException: null
	at tests.ProductPageTests.test1_womanProductPage(ProductPageTests.java:18)
</failure>
  </testcase>
  <testcase name="test2_manProductPage" classname="tests.ProductPageTests" time="0">
    <failure type="java.lang.NullPointerException:">java.lang.NullPointerException: null
	at tests.ProductPageTests.test2_manProductPage(ProductPageTests.java:41)
</failure>
  </testcase>
  <testcase name="test3_barnProductPage" classname="tests.ProductPageTests" time="0">
    <failure type="java.lang.NullPointerException:">java.lang.NullPointerException: null
	at tests.ProductPageTests.test3_barnProductPage(ProductPageTests.java:61)
</failure>
  </testcase>
  <testcase name="test4_sportProductPage" classname="tests.ProductPageTests" time="0.001">
    <failure type="java.lang.NullPointerException:">java.lang.NullPointerException: null
	at tests.ProductPageTests.test4_sportProductPage(ProductPageTests.java:81)
</failure>
  </testcase>
  <testcase name="test5_linenAndBathPage" classname="tests.ProductPageTests" time="0">
    <failure type="java.lang.NullPointerException:">java.lang.NullPointerException: null
	at tests.ProductPageTests.test5_linenAndBathPage(ProductPageTests.java:101)
</failure>
  </testcase>
  <testcase name="test6_footwearPage" classname="tests.ProductPageTests" time="0.003">
    <failure type="java.lang.NullPointerException:">java.lang.NullPointerException: null
	at tests.ProductPageTests.test6_footwearPage(ProductPageTests.java:121)
</failure>
  </testcase>
  <testcase name="test7_hemPage" classname="tests.ProductPageTests" time="0">
    <failure type="java.lang.NullPointerException:">java.lang.NullPointerException: null
	at tests.ProductPageTests.test7_hemPage(ProductPageTests.java:141)
</failure>
  </testcase>
  <testcase name="test8_electronicPage" classname="tests.ProductPageTests" time="0">
    <failure type="java.lang.NullPointerException:">java.lang.NullPointerException: null
	at tests.ProductPageTests.test8_electronicPage(ProductPageTests.java:161)
</failure>
  </testcase>
  <testcase name="test9_beautyAndHealthPage" classname="tests.ProductPageTests" time="0.001">
    <failure type="java.lang.NullPointerException:">java.lang.NullPointerException: null
	at tests.ProductPageTests.test9_beautyAndHealthPage(ProductPageTests.java:181)
</failure>
  </testcase>
  <testcase name="test10_plusPage" classname="tests.ProductPageTests" time="0">
    <failure type="java.lang.NullPointerException:">java.lang.NullPointerException: null
	at tests.ProductPageTests.test10_plusPage(ProductPageTests.java:201)
</failure>
  </testcase>
  <testcase name="test11_reaPage" classname="tests.ProductPageTests" time="0">
    <failure type="java.lang.NullPointerException:">java.lang.NullPointerException: null
	at tests.ProductPageTests.test11_reaPage(ProductPageTests.java:221)
</failure>
  </testcase>
  <testcase name="test12_inspirationPage" classname="tests.ProductPageTests" time="0">
    <failure type="java.lang.NullPointerException:">java.lang.NullPointerException: null
	at tests.ProductPageTests.test12_inspirationPage(ProductPageTests.java:242)
</failure>
  </testcase>
  <testcase name="test13_resorPage" classname="tests.ProductPageTests" time="0">
    <failure type="java.lang.NullPointerException:">java.lang.NullPointerException: null
	at tests.ProductPageTests.test13_resorPage(ProductPageTests.java:256)
</failure>
  </testcase>
  <testcase name="quitBrowser" classname="tests.ProductPageTests" time="0.074">
    <failure message="Error communicating with the remote browser. It may have died.&#10;Build info: version: &apos;2.52.0&apos;, revision: &apos;4c2593cfc3689a7fcd7be52549167e5ccc93ad28&apos;, time: &apos;2016-02-11 11:22:43&apos;&#10;System info: host: &apos;alexace-pc&apos;, ip: &apos;127.0.1.1&apos;, os.name: &apos;Linux&apos;, os.arch: &apos;amd64&apos;, os.version: &apos;3.13.0-77-generic&apos;, java.version: &apos;1.8.0_60&apos;&#10;Driver info: driver.version: RemoteWebDriver&#10;Capabilities [{applicationCacheEnabled=true, rotatable=false, handlesAlerts=true, databaseEnabled=true, version=44.0.2, platform=LINUX, nativeEvents=false, acceptSslCerts=true, webStorageEnabled=true, locationContextEnabled=true, browserName=firefox, takesScreenshot=true, javascriptEnabled=true, cssSelectorsEnabled=true}]&#10;Session ID: 7864c3e8-2eb9-49ec-b200-2ca6f76c0833" type="org.openqa.selenium.remote.UnreachableBrowserException">org.openqa.selenium.remote.UnreachableBrowserException: Error communicating with the remote browser. It may have died.
Build info: version: '2.52.0', revision: '4c2593cfc3689a7fcd7be52549167e5ccc93ad28', time: '2016-02-11 11:22:43'
System info: host: 'alexace-pc', ip: '127.0.1.1', os.name: 'Linux', os.arch: 'amd64', os.version: '3.13.0-77-generic', java.version: '1.8.0_60'
Driver info: driver.version: RemoteWebDriver
Capabilities [{applicationCacheEnabled=true, rotatable=false, handlesAlerts=true, databaseEnabled=true, version=44.0.2, platform=LINUX, nativeEvents=false, acceptSslCerts=true, webStorageEnabled=true, locationContextEnabled=true, browserName=firefox, takesScreenshot=true, javascriptEnabled=true, cssSelectorsEnabled=true}]
Session ID: 7864c3e8-2eb9-49ec-b200-2ca6f76c0833
	at org.openqa.selenium.remote.RemoteWebDriver.execute(RemoteWebDriver.java:665)
	at org.openqa.selenium.remote.RemoteWebDriver.execute(RemoteWebDriver.java:701)
	at org.openqa.selenium.remote.RemoteWebDriver.quit(RemoteWebDriver.java:526)
	at utils.WebDriverWrapper.quit(WebDriverWrapper.java:137)
	at tests.Fixture.quitBrowser(Fixture.java:50)
	at sun.reflect.NativeMethodAccessorImpl.invoke0(Native Method)
	at sun.reflect.NativeMethodAccessorImpl.invoke(NativeMethodAccessorImpl.java:62)
	at sun.reflect.DelegatingMethodAccessorImpl.invoke(DelegatingMethodAccessorImpl.java:43)
	at java.lang.reflect.Method.invoke(Method.java:497)
	at org.testng.internal.MethodInvocationHelper.invokeMethod(MethodInvocationHelper.java:84)
	at org.testng.internal.Invoker.invokeConfigurationMethod(Invoker.java:564)
	at org.testng.internal.Invoker.invokeConfigurations(Invoker.java:213)
	at org.testng.internal.Invoker.invokeConfigurations(Invoker.java:138)
	at org.testng.SuiteRunner.privateRun(SuiteRunner.java:322)
	at org.testng.SuiteRunner.run(SuiteRunner.java:254)
	at org.testng.SuiteRunnerWorker.runSuite(SuiteRunnerWorker.java:52)
	at org.testng.SuiteRunnerWorker.run(SuiteRunnerWorker.java:86)
	at org.testng.TestNG.runSuitesSequentially(TestNG.java:1224)
	at org.testng.TestNG.runSuitesSequentially(TestNG.java:1220)
	at org.testng.TestNG.runSuitesLocally(TestNG.java:1149)
	at org.testng.TestNG.run(TestNG.java:1057)
	at org.apache.maven.surefire.testng.TestNGExecutor.run(TestNGExecutor.java:293)
	at org.apache.maven.surefire.testng.TestNGXmlTestSuite.execute(TestNGXmlTestSuite.java:84)
	at org.apache.maven.surefire.testng.TestNGProvider.invoke(TestNGProvider.java:91)
	at org.apache.maven.surefire.booter.ForkedBooter.invokeProviderInSameClassLoader(ForkedBooter.java:200)
	at org.apache.maven.surefire.booter.ForkedBooter.runSuitesInProcess(ForkedBooter.java:153)
	at org.apache.maven.surefire.booter.ForkedBooter.main(ForkedBooter.java:103)
Caused by: org.apache.http.conn.HttpHostConnectException: Connect to 127.0.0.1:7056 [/127.0.0.1] failed: В соединении отказано
	at org.apache.http.impl.conn.DefaultHttpClientConnectionOperator.connect(DefaultHttpClientConnectionOperator.java:151)
	at org.apache.http.impl.conn.PoolingHttpClientConnectionManager.connect(PoolingHttpClientConnectionManager.java:353)
	at org.apache.http.impl.execchain.MainClientExec.establishRoute(MainClientExec.java:380)
	at org.apache.http.impl.execchain.MainClientExec.execute(MainClientExec.java:236)
	at org.apache.http.impl.execchain.ProtocolExec.execute(ProtocolExec.java:184)
	at org.apache.http.impl.execchain.RetryExec.execute(RetryExec.java:88)
	at org.apache.http.impl.execchain.RedirectExec.execute(RedirectExec.java:110)
	at org.apache.http.impl.client.InternalHttpClient.doExecute(InternalHttpClient.java:184)
	at org.apache.http.impl.client.CloseableHttpClient.execute(CloseableHttpClient.java:71)
	at org.apache.http.impl.client.CloseableHttpClient.execute(CloseableHttpClient.java:55)
	at org.openqa.selenium.remote.internal.ApacheHttpClient.fallBackExecute(ApacheHttpClient.java:144)
	at org.openqa.selenium.remote.internal.ApacheHttpClient.execute(ApacheHttpClient.java:90)
	at org.openqa.selenium.remote.HttpCommandExecutor.execute(HttpCommandExecutor.java:142)
	at org.openqa.selenium.firefox.internal.NewProfileExtensionConnection.execute(NewProfileExtensionConnection.java:160)
	at org.openqa.selenium.firefox.FirefoxDriver$LazyCommandExecutor.execute(FirefoxDriver.java:380)
	at org.openqa.selenium.remote.RemoteWebDriver.execute(RemoteWebDriver.java:644)
	at org.openqa.selenium.remote.RemoteWebDriver.execute(RemoteWebDriver.java:701)
	at org.openqa.selenium.remote.RemoteWebDriver.quit(RemoteWebDriver.java:526)
	at utils.WebDriverWrapper.quit(WebDriverWrapper.java:137)
	at tests.Fixture.quitBrowser(Fixture.java:50)
	at sun.reflect.NativeMethodAccessorImpl.invoke0(Native Method)
	at sun.reflect.NativeMethodAccessorImpl.invoke(NativeMethodAccessorImpl.java:62)
	at sun.reflect.DelegatingMethodAccessorImpl.invoke(DelegatingMethodAccessorImpl.java:43)
	at java.lang.reflect.Method.invoke(Method.java:497)
	at org.testng.internal.MethodInvocationHelper.invokeMethod(MethodInvocationHelper.java:84)
	at org.testng.internal.Invoker.invokeConfigurationMethod(Invoker.java:564)
	at org.testng.internal.Invoker.invokeConfigurations(Invoker.java:213)
	at org.testng.internal.Invoker.invokeConfigurations(Invoker.java:138)
	at org.testng.SuiteRunner.privateRun(SuiteRunner.java:322)
	at org.testng.SuiteRunner.run(SuiteRunner.java:254)
	at org.testng.SuiteRunnerWorker.runSuite(SuiteRunnerWorker.java:52)
	at org.testng.SuiteRunnerWorker.run(SuiteRunnerWorker.java:86)
	at org.testng.TestNG.runSuitesSequentially(TestNG.java:1224)
	at org.testng.TestNG.runSuitesSequentially(TestNG.java:1220)
	at org.testng.TestNG.runSuitesLocally(TestNG.java:1149)
	at org.testng.TestNG.run(TestNG.java:1057)
	at org.apache.maven.surefire.testng.TestNGExecutor.run(TestNGExecutor.java:293)
	at org.apache.maven.surefire.testng.TestNGXmlTestSuite.execute(TestNGXmlTestSuite.java:84)
	at org.apache.maven.surefire.testng.TestNGProvider.invoke(TestNGProvider.java:91)
	at org.apache.maven.surefire.booter.ForkedBooter.invokeProviderInSameClassLoader(ForkedBooter.java:200)
	at org.apache.maven.surefire.booter.ForkedBooter.runSuitesInProcess(ForkedBooter.java:153)
	at org.apache.maven.surefire.booter.ForkedBooter.main(ForkedBooter.java:103)
Caused by: java.net.ConnectException: В соединении отказано
	at java.net.PlainSocketImpl.socketConnect(Native Method)
	at java.net.AbstractPlainSocketImpl.doConnect(AbstractPlainSocketImpl.java:350)
	at java.net.AbstractPlainSocketImpl.connectToAddress(AbstractPlainSocketImpl.java:206)
	at java.net.AbstractPlainSocketImpl.connect(AbstractPlainSocketImpl.java:188)
	at java.net.SocksSocketImpl.connect(SocksSocketImpl.java:392)
	at java.net.Socket.connect(Socket.java:589)
	at org.apache.http.conn.socket.PlainConnectionSocketFactory.connectSocket(PlainConnectionSocketFactory.java:74)
	at org.apache.http.impl.conn.DefaultHttpClientConnectionOperator.connect(DefaultHttpClientConnectionOperator.java:134)
	at org.apache.http.impl.conn.PoolingHttpClientConnectionManager.connect(PoolingHttpClientConnectionManager.java:353)
	at org.apache.http.impl.execchain.MainClientExec.establishRoute(MainClientExec.java:380)
	at org.apache.http.impl.execchain.MainClientExec.execute(MainClientExec.java:236)
	at org.apache.http.impl.execchain.ProtocolExec.execute(ProtocolExec.java:184)
	at org.apache.http.impl.execchain.RetryExec.execute(RetryExec.java:88)
	at org.apache.http.impl.execchain.RedirectExec.execute(RedirectExec.java:110)
	at org.apache.http.impl.client.InternalHttpClient.doExecute(InternalHttpClient.java:184)
	at org.apache.http.impl.client.CloseableHttpClient.execute(CloseableHttpClient.java:71)
	at org.apache.http.impl.client.CloseableHttpClient.execute(CloseableHttpClient.java:55)
	at org.openqa.selenium.remote.internal.ApacheHttpClient.fallBackExecute(ApacheHttpClient.java:144)
	at org.openqa.selenium.remote.internal.ApacheHttpClient.execute(ApacheHttpClient.java:90)
	at org.openqa.selenium.remote.HttpCommandExecutor.execute(HttpCommandExecutor.java:142)
	at org.openqa.selenium.firefox.internal.NewProfileExtensionConnection.execute(NewProfileExtensionConnection.java:160)
	at org.openqa.selenium.firefox.FirefoxDriver$LazyCommandExecutor.execute(FirefoxDriver.java:380)
	at org.openqa.selenium.remote.RemoteWebDriver.execute(RemoteWebDriver.java:644)
	at org.openqa.selenium.remote.RemoteWebDriver.execute(RemoteWebDriver.java:701)
	at org.openqa.selenium.remote.RemoteWebDriver.quit(RemoteWebDriver.java:526)
	at utils.WebDriverWrapper.quit(WebDriverWrapper.java:137)
	at tests.Fixture.quitBrowser(Fixture.java:50)
	at sun.reflect.NativeMethodAccessorImpl.invoke0(Native Method)
	at sun.reflect.NativeMethodAccessorImpl.invoke(NativeMethodAccessorImpl.java:62)
	at sun.reflect.DelegatingMethodAccessorImpl.invoke(DelegatingMethodAccessorImpl.java:43)
	at java.lang.reflect.Method.invoke(Method.java:497)
	at org.testng.internal.MethodInvocationHelper.invokeMethod(MethodInvocationHelper.java:84)
	at org.testng.internal.Invoker.invokeConfigurationMethod(Invoker.java:564)
	at org.testng.internal.Invoker.invokeConfigurations(Invoker.java:213)
	at org.testng.internal.Invoker.invokeConfigurations(Invoker.java:138)
	at org.testng.SuiteRunner.privateRun(SuiteRunner.java:322)
	at org.testng.SuiteRunner.run(SuiteRunner.java:254)
	at org.testng.SuiteRunnerWorker.runSuite(SuiteRunnerWorker.java:52)
	at org.testng.SuiteRunnerWorker.run(SuiteRunnerWorker.java:86)
	at org.testng.TestNG.runSuitesSequentially(TestNG.java:1224)
	at org.testng.TestNG.runSuitesSequentially(TestNG.java:1220)
	at org.testng.TestNG.runSuitesLocally(TestNG.java:1149)
	at org.testng.TestNG.run(TestNG.java:1057)
	at org.apache.maven.surefire.testng.TestNGExecutor.run(TestNGExecutor.java:293)
	at org.apache.maven.surefire.testng.TestNGXmlTestSuite.execute(TestNGXmlTestSuite.java:84)
	at org.apache.maven.surefire.testng.TestNGProvider.invoke(TestNGProvider.java:91)
	at org.apache.maven.surefire.booter.ForkedBooter.invokeProviderInSameClassLoader(ForkedBooter.java:200)
	at org.apache.maven.surefire.booter.ForkedBooter.runSuitesInProcess(ForkedBooter.java:153)
	at org.apache.maven.surefire.booter.ForkedBooter.main(ForkedBooter.java:103)
</failure>
  </testcase>
</testsuite>