<?xml version="1.0" encoding="UTF-8"?>
<testsuite name="TestSuite" time="52.528" tests="19" errors="0" skipped="0" failures="0">
  <properties>
[...]
</properties>
  <testcase name="test1_positiveLogin" classname="tests.LoginTests" time="5.05"/>
  <testcase name="test2_incorrectLogin" classname="tests.LoginTests" time="3.884"/>
  <testcase name="test3_incorrectPassField" classname="tests.LoginTests" time="1.454"/>
  <testcase name="test4_emptyEmailAndPassFields" classname="tests.LoginTests" time="0.981"/>
  <testcase name="test5_emptyEmailField" classname="tests.LoginTests" time="0.595"/>
  <testcase name="test6_emptyPassField" classname="tests.LoginTests" time="0.636"/>
  <testcase name="test1_positiveRegistration" classname="tests.RegistrationTests" time="6.012"/>
  <testcase name="test2_negativeOnlyFirstEmailField" classname="tests.RegistrationTests" time="2.816"/>
  <testcase name="test3_negativeOnlySecondEmailField" classname="tests.RegistrationTests" time="2.827"/>
  <testcase name="test4_negativeOnlyFirstPassField" classname="tests.RegistrationTests" time="2.834"/>
  <testcase name="test5_negativeOnlySecondPassField" classname="tests.RegistrationTests" time="2.535"/>
  <testcase name="test6_negativeOnlyEmailFields" classname="tests.RegistrationTests" time="3.062"/>
  <testcase name="test7_negativeOnlyPassFields" classname="tests.RegistrationTests" time="2.584"/>
  <testcase name="test8_negativeFirstPassFieldEmpty" classname="tests.RegistrationTests" time="2.628"/>
  <testcase name="test9_negativeSecondPassFieldEmpty" classname="tests.RegistrationTests" time="2.857"/>
  <testcase name="test10_negativeFirstEmailFieldEmpty" classname="tests.RegistrationTests" time="2.558"/>
  <testcase name="test11_negativeSecondEmailFieldEmpty" classname="tests.RegistrationTests" time="2.44"/>
  <testcase name="test12_negativeVariousEmailAddress" classname="tests.RegistrationTests" time="3.47"/>
  <testcase name="test13_negativeVariousPassFields" classname="tests.RegistrationTests" time="3.305"/>
</testsuite>