<?xml version="1.0" encoding="UTF-8"?>
<testng-results skipped="0" failed="0" total="19" passed="19">
  <reporter-output>
  </reporter-output>
  <suite name="globalSuite" duration-ms="0" started-at="2016-02-18T20:51:30Z" finished-at="2016-02-18T20:51:30Z">
    <groups>
    </groups>
  </suite> <!-- globalSuite -->
  <suite name="FunctionalSuite" duration-ms="52551" started-at="2016-02-18T20:50:37Z" finished-at="2016-02-18T20:51:30Z">
    <groups>
    </groups>
    <test name="Functional" duration-ms="52551" started-at="2016-02-18T20:50:37Z" finished-at="2016-02-18T20:51:30Z">
      <class name="tests.LoginTests">
        <test-method status="PASS" signature="test1_positiveLogin()[pri:0, instance:tests.LoginTests@cb5822]" name="test1_positiveLogin" duration-ms="5050" started-at="2016-02-18T22:50:37Z" finished-at="2016-02-18T22:50:42Z">
          <reporter-output>
          </reporter-output>
        </test-method> <!-- test1_positiveLogin -->
        <test-method status="PASS" signature="test2_incorrectLogin()[pri:0, instance:tests.LoginTests@cb5822]" name="test2_incorrectLogin" duration-ms="3886" started-at="2016-02-18T22:50:42Z" finished-at="2016-02-18T22:50:46Z">
          <reporter-output>
          </reporter-output>
        </test-method> <!-- test2_incorrectLogin -->
        <test-method status="PASS" signature="test3_incorrectPassField()[pri:0, instance:tests.LoginTests@cb5822]" name="test3_incorrectPassField" duration-ms="1454" started-at="2016-02-18T22:50:46Z" finished-at="2016-02-18T22:50:47Z">
          <reporter-output>
          </reporter-output>
        </test-method> <!-- test3_incorrectPassField -->
        <test-method status="PASS" signature="test4_emptyEmailAndPassFields()[pri:0, instance:tests.LoginTests@cb5822]" name="test4_emptyEmailAndPassFields" duration-ms="981" started-at="2016-02-18T22:50:47Z" finished-at="2016-02-18T22:50:48Z">
          <reporter-output>
          </reporter-output>
        </test-method> <!-- test4_emptyEmailAndPassFields -->
        <test-method status="PASS" signature="test5_emptyEmailField()[pri:0, instance:tests.LoginTests@cb5822]" name="test5_emptyEmailField" duration-ms="595" started-at="2016-02-18T22:50:48Z" finished-at="2016-02-18T22:50:49Z">
          <reporter-output>
          </reporter-output>
        </test-method> <!-- test5_emptyEmailField -->
        <test-method status="PASS" signature="test6_emptyPassField()[pri:0, instance:tests.LoginTests@cb5822]" name="test6_emptyPassField" duration-ms="635" started-at="2016-02-18T22:50:49Z" finished-at="2016-02-18T22:50:50Z">
          <reporter-output>
          </reporter-output>
        </test-method> <!-- test6_emptyPassField -->
      </class> <!-- tests.LoginTests -->
      <class name="tests.RegistrationTests">
        <test-method status="PASS" signature="startBrowser()[pri:0, instance:tests.RegistrationTests@2a5ca609]" name="startBrowser" is-config="true" duration-ms="12210" started-at="2016-02-18T22:50:25Z" finished-at="2016-02-18T22:50:37Z">
          <reporter-output>
          </reporter-output>
        </test-method> <!-- startBrowser -->
        <test-method status="PASS" signature="test1_positiveRegistration()[pri:0, instance:tests.RegistrationTests@2a5ca609]" name="test1_positiveRegistration" duration-ms="6011" started-at="2016-02-18T22:50:50Z" finished-at="2016-02-18T22:50:56Z">
          <reporter-output>
          </reporter-output>
        </test-method> <!-- test1_positiveRegistration -->
        <test-method status="PASS" signature="test2_negativeOnlyFirstEmailField()[pri:0, instance:tests.RegistrationTests@2a5ca609]" name="test2_negativeOnlyFirstEmailField" duration-ms="2816" started-at="2016-02-18T22:50:56Z" finished-at="2016-02-18T22:50:59Z">
          <reporter-output>
          </reporter-output>
        </test-method> <!-- test2_negativeOnlyFirstEmailField -->
        <test-method status="PASS" signature="test3_negativeOnlySecondEmailField()[pri:0, instance:tests.RegistrationTests@2a5ca609]" name="test3_negativeOnlySecondEmailField" duration-ms="2827" started-at="2016-02-18T22:50:59Z" finished-at="2016-02-18T22:51:01Z">
          <reporter-output>
          </reporter-output>
        </test-method> <!-- test3_negativeOnlySecondEmailField -->
        <test-method status="PASS" signature="test4_negativeOnlyFirstPassField()[pri:0, instance:tests.RegistrationTests@2a5ca609]" name="test4_negativeOnlyFirstPassField" duration-ms="2835" started-at="2016-02-18T22:51:01Z" finished-at="2016-02-18T22:51:04Z">
          <reporter-output>
          </reporter-output>
        </test-method> <!-- test4_negativeOnlyFirstPassField -->
        <test-method status="PASS" signature="test5_negativeOnlySecondPassField()[pri:0, instance:tests.RegistrationTests@2a5ca609]" name="test5_negativeOnlySecondPassField" duration-ms="2536" started-at="2016-02-18T22:51:04Z" finished-at="2016-02-18T22:51:07Z">
          <reporter-output>
          </reporter-output>
        </test-method> <!-- test5_negativeOnlySecondPassField -->
        <test-method status="PASS" signature="test6_negativeOnlyEmailFields()[pri:0, instance:tests.RegistrationTests@2a5ca609]" name="test6_negativeOnlyEmailFields" duration-ms="3063" started-at="2016-02-18T22:51:07Z" finished-at="2016-02-18T22:51:10Z">
          <reporter-output>
          </reporter-output>
        </test-method> <!-- test6_negativeOnlyEmailFields -->
        <test-method status="PASS" signature="test7_negativeOnlyPassFields()[pri:0, instance:tests.RegistrationTests@2a5ca609]" name="test7_negativeOnlyPassFields" duration-ms="2584" started-at="2016-02-18T22:51:10Z" finished-at="2016-02-18T22:51:12Z">
          <reporter-output>
          </reporter-output>
        </test-method> <!-- test7_negativeOnlyPassFields -->
        <test-method status="PASS" signature="test8_negativeFirstPassFieldEmpty()[pri:0, instance:tests.RegistrationTests@2a5ca609]" name="test8_negativeFirstPassFieldEmpty" duration-ms="2628" started-at="2016-02-18T22:51:12Z" finished-at="2016-02-18T22:51:15Z">
          <reporter-output>
          </reporter-output>
        </test-method> <!-- test8_negativeFirstPassFieldEmpty -->
        <test-method status="PASS" signature="test9_negativeSecondPassFieldEmpty()[pri:0, instance:tests.RegistrationTests@2a5ca609]" name="test9_negativeSecondPassFieldEmpty" duration-ms="2858" started-at="2016-02-18T22:51:15Z" finished-at="2016-02-18T22:51:18Z">
          <reporter-output>
          </reporter-output>
        </test-method> <!-- test9_negativeSecondPassFieldEmpty -->
        <test-method status="PASS" signature="test10_negativeFirstEmailFieldEmpty()[pri:0, instance:tests.RegistrationTests@2a5ca609]" name="test10_negativeFirstEmailFieldEmpty" duration-ms="2558" started-at="2016-02-18T22:51:18Z" finished-at="2016-02-18T22:51:20Z">
          <reporter-output>
          </reporter-output>
        </test-method> <!-- test10_negativeFirstEmailFieldEmpty -->
        <test-method status="PASS" signature="test11_negativeSecondEmailFieldEmpty()[pri:0, instance:tests.RegistrationTests@2a5ca609]" name="test11_negativeSecondEmailFieldEmpty" duration-ms="2439" started-at="2016-02-18T22:51:20Z" finished-at="2016-02-18T22:51:23Z">
          <reporter-output>
          </reporter-output>
        </test-method> <!-- test11_negativeSecondEmailFieldEmpty -->
        <test-method status="PASS" signature="test12_negativeVariousEmailAddress()[pri:0, instance:tests.RegistrationTests@2a5ca609]" name="test12_negativeVariousEmailAddress" duration-ms="3470" started-at="2016-02-18T22:51:23Z" finished-at="2016-02-18T22:51:26Z">
          <reporter-output>
          </reporter-output>
        </test-method> <!-- test12_negativeVariousEmailAddress -->
        <test-method status="PASS" signature="test13_negativeVariousPassFields()[pri:0, instance:tests.RegistrationTests@2a5ca609]" name="test13_negativeVariousPassFields" duration-ms="3304" started-at="2016-02-18T22:51:26Z" finished-at="2016-02-18T22:51:30Z">
          <reporter-output>
          </reporter-output>
        </test-method> <!-- test13_negativeVariousPassFields -->
        <test-method status="PASS" signature="quitBrowser()[pri:0, instance:tests.RegistrationTests@2a5ca609]" name="quitBrowser" is-config="true" duration-ms="121" started-at="2016-02-18T22:51:30Z" finished-at="2016-02-18T22:51:30Z">
          <reporter-output>
          </reporter-output>
        </test-method> <!-- quitBrowser -->
      </class> <!-- tests.RegistrationTests -->
    </test> <!-- Functional -->
  </suite> <!-- FunctionalSuite -->
</testng-results>
