<?xml version="1.0" encoding="UTF-8"?>
<!-- Generated by org.testng.reporters.JUnitXMLReporter -->
<testsuite hostname="alexace-pc" name="Functional" tests="19" failures="0" timestamp="18 Feb 2016 20:51:30 GMT" time="52.551" errors="0">
  <testcase name="test1_positiveLogin" time="5.05" classname="tests.LoginTests"/>
  <testcase name="test2_incorrectLogin" time="3.886" classname="tests.LoginTests"/>
  <testcase name="test3_incorrectPassField" time="1.454" classname="tests.LoginTests"/>
  <testcase name="test4_emptyEmailAndPassFields" time="0.981" classname="tests.LoginTests"/>
  <testcase name="test5_emptyEmailField" time="0.595" classname="tests.LoginTests"/>
  <testcase name="test6_emptyPassField" time="0.635" classname="tests.LoginTests"/>
  <testcase name="test1_positiveRegistration" time="6.011" classname="tests.RegistrationTests"/>
  <testcase name="test2_negativeOnlyFirstEmailField" time="2.816" classname="tests.RegistrationTests"/>
  <testcase name="test3_negativeOnlySecondEmailField" time="2.827" classname="tests.RegistrationTests"/>
  <testcase name="test4_negativeOnlyFirstPassField" time="2.835" classname="tests.RegistrationTests"/>
  <testcase name="test5_negativeOnlySecondPassField" time="2.536" classname="tests.RegistrationTests"/>
  <testcase name="test6_negativeOnlyEmailFields" time="3.063" classname="tests.RegistrationTests"/>
  <testcase name="test7_negativeOnlyPassFields" time="2.584" classname="tests.RegistrationTests"/>
  <testcase name="test8_negativeFirstPassFieldEmpty" time="2.628" classname="tests.RegistrationTests"/>
  <testcase name="test9_negativeSecondPassFieldEmpty" time="2.858" classname="tests.RegistrationTests"/>
  <testcase name="test10_negativeFirstEmailFieldEmpty" time="2.558" classname="tests.RegistrationTests"/>
  <testcase name="test11_negativeSecondEmailFieldEmpty" time="2.439" classname="tests.RegistrationTests"/>
  <testcase name="test12_negativeVariousEmailAddress" time="3.47" classname="tests.RegistrationTests"/>
  <testcase name="test13_negativeVariousPassFields" time="3.304" classname="tests.RegistrationTests"/>
</testsuite> <!-- Functional -->
