<?xml version="1.0" encoding="UTF-8"?>
<!-- Generated by org.testng.reporters.JUnitXMLReporter -->
<testsuite hostname="alexace-pc" name="Functional" tests="32" failures="32" timestamp="20 Feb 2016 12:35:22 GMT" time="0.051" errors="0">
  <testcase name="test1_positiveLogin" time="0.001" classname="tests.LoginTests">
    <failure type="java.lang.NullPointerException">
      <![CDATA[java.lang.NullPointerException
	at tests.LoginTests.test1_positiveLogin(LoginTests.java:23)
... Removed 28 stack frames]]>
    </failure>
  </testcase> <!-- test1_positiveLogin -->
  <testcase name="test2_incorrectLogin" time="0.001" classname="tests.LoginTests">
    <failure type="java.lang.NullPointerException">
      <![CDATA[java.lang.NullPointerException
	at tests.LoginTests.test2_incorrectLogin(LoginTests.java:57)
... Removed 28 stack frames]]>
    </failure>
  </testcase> <!-- test2_incorrectLogin -->
  <testcase name="test3_incorrectPassField" time="0.001" classname="tests.LoginTests">
    <failure type="java.lang.NullPointerException">
      <![CDATA[java.lang.NullPointerException
	at tests.LoginTests.test3_incorrectPassField(LoginTests.java:90)
... Removed 28 stack frames]]>
    </failure>
  </testcase> <!-- test3_incorrectPassField -->
  <testcase name="test4_emptyEmailAndPassFields" time="0.001" classname="tests.LoginTests">
    <failure type="java.lang.NullPointerException">
      <![CDATA[java.lang.NullPointerException
	at tests.LoginTests.test4_emptyEmailAndPassFields(LoginTests.java:117)
... Removed 28 stack frames]]>
    </failure>
  </testcase> <!-- test4_emptyEmailAndPassFields -->
  <testcase name="test5_emptyEmailField" time="0.001" classname="tests.LoginTests">
    <failure type="java.lang.NullPointerException">
      <![CDATA[java.lang.NullPointerException
	at tests.LoginTests.test5_emptyEmailField(LoginTests.java:141)
... Removed 28 stack frames]]>
    </failure>
  </testcase> <!-- test5_emptyEmailField -->
  <testcase name="test6_emptyPassField" time="0.001" classname="tests.LoginTests">
    <failure type="java.lang.NullPointerException">
      <![CDATA[java.lang.NullPointerException
	at tests.LoginTests.test6_emptyPassField(LoginTests.java:165)
... Removed 28 stack frames]]>
    </failure>
  </testcase> <!-- test6_emptyPassField -->
  <testcase name="test1_positiveRegistration" time="0.001" classname="tests.RegistrationTests">
    <failure type="java.lang.NullPointerException">
      <![CDATA[java.lang.NullPointerException
	at tests.RegistrationTests.test1_positiveRegistration(RegistrationTests.java:25)
... Removed 28 stack frames]]>
    </failure>
  </testcase> <!-- test1_positiveRegistration -->
  <testcase name="test2_negativeOnlyFirstEmailField" time="0.001" classname="tests.RegistrationTests">
    <failure type="java.lang.NullPointerException">
      <![CDATA[java.lang.NullPointerException
	at tests.RegistrationTests.test2_negativeOnlyFirstEmailField(RegistrationTests.java:67)
... Removed 28 stack frames]]>
    </failure>
  </testcase> <!-- test2_negativeOnlyFirstEmailField -->
  <testcase name="test3_negativeOnlySecondEmailField" time="0.001" classname="tests.RegistrationTests">
    <failure type="java.lang.NullPointerException">
      <![CDATA[java.lang.NullPointerException
	at tests.RegistrationTests.test3_negativeOnlySecondEmailField(RegistrationTests.java:108)
... Removed 28 stack frames]]>
    </failure>
  </testcase> <!-- test3_negativeOnlySecondEmailField -->
  <testcase name="test4_negativeOnlyFirstPassField" time="0.001" classname="tests.RegistrationTests">
    <failure type="java.lang.NullPointerException">
      <![CDATA[java.lang.NullPointerException
	at tests.RegistrationTests.test4_negativeOnlyFirstPassField(RegistrationTests.java:148)
... Removed 28 stack frames]]>
    </failure>
  </testcase> <!-- test4_negativeOnlyFirstPassField -->
  <testcase name="test5_negativeOnlySecondPassField" time="0.001" classname="tests.RegistrationTests">
    <failure type="java.lang.NullPointerException">
      <![CDATA[java.lang.NullPointerException
	at tests.RegistrationTests.test5_negativeOnlySecondPassField(RegistrationTests.java:189)
... Removed 28 stack frames]]>
    </failure>
  </testcase> <!-- test5_negativeOnlySecondPassField -->
  <testcase name="test6_negativeOnlyEmailFields" time="0.002" classname="tests.RegistrationTests">
    <failure type="java.lang.NullPointerException">
      <![CDATA[java.lang.NullPointerException
	at tests.RegistrationTests.test6_negativeOnlyEmailFields(RegistrationTests.java:230)
... Removed 28 stack frames]]>
    </failure>
  </testcase> <!-- test6_negativeOnlyEmailFields -->
  <testcase name="test7_negativeOnlyPassFields" time="0.0" classname="tests.RegistrationTests">
    <failure type="java.lang.NullPointerException">
      <![CDATA[java.lang.NullPointerException
	at tests.RegistrationTests.test7_negativeOnlyPassFields(RegistrationTests.java:271)
... Removed 28 stack frames]]>
    </failure>
  </testcase> <!-- test7_negativeOnlyPassFields -->
  <testcase name="test8_negativeFirstPassFieldEmpty" time="0.001" classname="tests.RegistrationTests">
    <failure type="java.lang.NullPointerException">
      <![CDATA[java.lang.NullPointerException
	at tests.RegistrationTests.test8_negativeFirstPassFieldEmpty(RegistrationTests.java:312)
... Removed 28 stack frames]]>
    </failure>
  </testcase> <!-- test8_negativeFirstPassFieldEmpty -->
  <testcase name="test9_negativeSecondPassFieldEmpty" time="0.001" classname="tests.RegistrationTests">
    <failure type="java.lang.NullPointerException">
      <![CDATA[java.lang.NullPointerException
	at tests.RegistrationTests.test9_negativeSecondPassFieldEmpty(RegistrationTests.java:353)
... Removed 28 stack frames]]>
    </failure>
  </testcase> <!-- test9_negativeSecondPassFieldEmpty -->
  <testcase name="test10_negativeFirstEmailFieldEmpty" time="0.001" classname="tests.RegistrationTests">
    <failure type="java.lang.NullPointerException">
      <![CDATA[java.lang.NullPointerException
	at tests.RegistrationTests.test10_negativeFirstEmailFieldEmpty(RegistrationTests.java:394)
... Removed 28 stack frames]]>
    </failure>
  </testcase> <!-- test10_negativeFirstEmailFieldEmpty -->
  <testcase name="test11_negativeSecondEmailFieldEmpty" time="0.0" classname="tests.RegistrationTests">
    <failure type="java.lang.NullPointerException">
      <![CDATA[java.lang.NullPointerException
	at tests.RegistrationTests.test11_negativeSecondEmailFieldEmpty(RegistrationTests.java:435)
... Removed 28 stack frames]]>
    </failure>
  </testcase> <!-- test11_negativeSecondEmailFieldEmpty -->
  <testcase name="test12_negativeVariousEmailAddress" time="0.001" classname="tests.RegistrationTests">
    <failure type="java.lang.NullPointerException">
      <![CDATA[java.lang.NullPointerException
	at tests.RegistrationTests.test12_negativeVariousEmailAddress(RegistrationTests.java:476)
... Removed 28 stack frames]]>
    </failure>
  </testcase> <!-- test12_negativeVariousEmailAddress -->
  <testcase name="test13_negativeVariousPassFields" time="0.001" classname="tests.RegistrationTests">
    <failure type="java.lang.NullPointerException">
      <![CDATA[java.lang.NullPointerException
	at tests.RegistrationTests.test13_negativeVariousPassFields(RegistrationTests.java:515)
... Removed 28 stack frames]]>
    </failure>
  </testcase> <!-- test13_negativeVariousPassFields -->
  <testcase name="test1_womanProductPage" time="0.001" classname="tests.ProductPageTests">
    <failure type="java.lang.NullPointerException">
      <![CDATA[java.lang.NullPointerException
	at tests.ProductPageTests.test1_womanProductPage(ProductPageTests.java:18)
... Removed 28 stack frames]]>
    </failure>
  </testcase> <!-- test1_womanProductPage -->
  <testcase name="test2_manProductPage" time="0.0" classname="tests.ProductPageTests">
    <failure type="java.lang.NullPointerException">
      <![CDATA[java.lang.NullPointerException
	at tests.ProductPageTests.test2_manProductPage(ProductPageTests.java:41)
... Removed 28 stack frames]]>
    </failure>
  </testcase> <!-- test2_manProductPage -->
  <testcase name="test3_barnProductPage" time="0.0" classname="tests.ProductPageTests">
    <failure type="java.lang.NullPointerException">
      <![CDATA[java.lang.NullPointerException
	at tests.ProductPageTests.test3_barnProductPage(ProductPageTests.java:61)
... Removed 28 stack frames]]>
    </failure>
  </testcase> <!-- test3_barnProductPage -->
  <testcase name="test4_sportProductPage" time="0.007" classname="tests.ProductPageTests">
    <failure type="java.lang.NullPointerException">
      <![CDATA[java.lang.NullPointerException
	at tests.ProductPageTests.test4_sportProductPage(ProductPageTests.java:81)
... Removed 28 stack frames]]>
    </failure>
  </testcase> <!-- test4_sportProductPage -->
  <testcase name="test5_linenAndBathPage" time="0.0" classname="tests.ProductPageTests">
    <failure type="java.lang.NullPointerException">
      <![CDATA[java.lang.NullPointerException
	at tests.ProductPageTests.test5_linenAndBathPage(ProductPageTests.java:101)
... Removed 28 stack frames]]>
    </failure>
  </testcase> <!-- test5_linenAndBathPage -->
  <testcase name="test6_footwearPage" time="0.0" classname="tests.ProductPageTests">
    <failure type="java.lang.NullPointerException">
      <![CDATA[java.lang.NullPointerException
	at tests.ProductPageTests.test6_footwearPage(ProductPageTests.java:121)
... Removed 28 stack frames]]>
    </failure>
  </testcase> <!-- test6_footwearPage -->
  <testcase name="test7_hemPage" time="0.0" classname="tests.ProductPageTests">
    <failure type="java.lang.NullPointerException">
      <![CDATA[java.lang.NullPointerException
	at tests.ProductPageTests.test7_hemPage(ProductPageTests.java:141)
... Removed 28 stack frames]]>
    </failure>
  </testcase> <!-- test7_hemPage -->
  <testcase name="test8_electronicPage" time="0.0" classname="tests.ProductPageTests">
    <failure type="java.lang.NullPointerException">
      <![CDATA[java.lang.NullPointerException
	at tests.ProductPageTests.test8_electronicPage(ProductPageTests.java:161)
... Removed 28 stack frames]]>
    </failure>
  </testcase> <!-- test8_electronicPage -->
  <testcase name="test9_beautyAndHealthPage" time="0.001" classname="tests.ProductPageTests">
    <failure type="java.lang.NullPointerException">
      <![CDATA[java.lang.NullPointerException
	at tests.ProductPageTests.test9_beautyAndHealthPage(ProductPageTests.java:181)
... Removed 28 stack frames]]>
    </failure>
  </testcase> <!-- test9_beautyAndHealthPage -->
  <testcase name="test10_plusPage" time="0.0" classname="tests.ProductPageTests">
    <failure type="java.lang.NullPointerException">
      <![CDATA[java.lang.NullPointerException
	at tests.ProductPageTests.test10_plusPage(ProductPageTests.java:201)
... Removed 28 stack frames]]>
    </failure>
  </testcase> <!-- test10_plusPage -->
  <testcase name="test11_reaPage" time="0.0" classname="tests.ProductPageTests">
    <failure type="java.lang.NullPointerException">
      <![CDATA[java.lang.NullPointerException
	at tests.ProductPageTests.test11_reaPage(ProductPageTests.java:221)
... Removed 28 stack frames]]>
    </failure>
  </testcase> <!-- test11_reaPage -->
  <testcase name="test12_inspirationPage" time="0.001" classname="tests.ProductPageTests">
    <failure type="java.lang.NullPointerException">
      <![CDATA[java.lang.NullPointerException
	at tests.ProductPageTests.test12_inspirationPage(ProductPageTests.java:242)
... Removed 28 stack frames]]>
    </failure>
  </testcase> <!-- test12_inspirationPage -->
  <testcase name="test13_resorPage" time="0.0" classname="tests.ProductPageTests">
    <failure type="java.lang.NullPointerException">
      <![CDATA[java.lang.NullPointerException
	at tests.ProductPageTests.test13_resorPage(ProductPageTests.java:256)
... Removed 28 stack frames]]>
    </failure>
  </testcase> <!-- test13_resorPage -->
</testsuite> <!-- Functional -->
